[
  {
    "level": "INFO",
    "message": "android.ndkVersion from module build.gradle is not set"
  },
  {
    "level": "INFO",
    "message": "ndk.dir in local.properties is C:\\Users\\sarah\\AppData\\Local\\Android\\Sdk\\ndk\\android-ndk-r14b"
  },
  {
    "level": "INFO",
    "message": "ANDROID_NDK_HOME environment variable is not set"
  },
  {
    "level": "INFO",
    "message": "sdkFolder is C:\\Users\\sarah\\AppData\\Local\\Android\\Sdk"
  },
  {
    "level": "INFO",
    "message": "Considering C:\\Users\\sarah\\AppData\\Local\\Android\\Sdk\\ndk\\android-ndk-r14b by ndk.dir"
  },
  {
    "level": "INFO",
    "message": "Considering C:\\Users\\sarah\\AppData\\Local\\Android\\Sdk\\ndk-bundle in SDK ndk-bundle folder"
  },
  {
    "level": "INFO",
    "message": "Considering C:\\Users\\sarah\\AppData\\Local\\Android\\Sdk\\ndk\\21.0.6113669 in SDK ndk folder"
  },
  {
    "level": "INFO",
    "message": "Considering C:\\Users\\sarah\\AppData\\Local\\Android\\Sdk\\ndk\\21.3.6528147 in SDK ndk folder"
  },
  {
    "level": "INFO",
    "message": "Considering C:\\Users\\sarah\\AppData\\Local\\Android\\Sdk\\ndk\\android-ndk-r14b in SDK ndk folder"
  },
  {
    "level": "INFO",
    "message": "Found requested ndk.dir (C:\\Users\\sarah\\AppData\\Local\\Android\\Sdk\\ndk\\android-ndk-r14b) which has version 14.1.3816874"
  }
]